19.02.2024 01:33:52 [main] INFO  by.slesarev.main.Main  - Starting program_____________________________
19.02.2024 01:34:18 [main] INFO  by.slesarev.main.Main  - Starting program_____________________________
19.02.2024 11:00:47 [main] INFO  by.slesarev.main.Main  - Starting program_____________________________
19.02.2024 11:00:47 [main] INFO  by.slesarev.main.Main  - Создана программа передач
19.02.2024 11:00:47 [main] INFO  by.slesarev.main.Main  - Элемент добавлен в список передач
19.02.2024 11:00:47 [main] INFO  by.slesarev.main.Main  - Элемент добавлен в список передач
19.02.2024 11:00:47 [main] INFO  by.slesarev.main.Main  - Элемент добавлен в список передач
19.02.2024 11:00:47 [main] INFO  by.slesarev.main.Main  - Создана программа передач
19.02.2024 11:00:47 [main] INFO  by.slesarev.main.Main  - Элемент добавлен в список передач
19.02.2024 11:00:47 [main] INFO  by.slesarev.main.Main  - Элемент добавлен в список передач
19.02.2024 11:00:47 [main] INFO  by.slesarev.main.Main  - Элемент добавлен в список передач
19.02.2024 11:00:47 [main] INFO  by.slesarev.main.Main  - Удален элемент из списка передач
19.02.2024 18:46:10 [main] INFO  by.slesarev.main.Main  - Starting program_____________________________
19.02.2024 18:46:10 [main] INFO  by.slesarev.main.Main  - Создана программа передач
19.02.2024 18:46:10 [main] INFO  by.slesarev.main.Main  - Элемент добавлен в список передач
19.02.2024 18:46:10 [main] INFO  by.slesarev.main.Main  - Элемент добавлен в список передач
19.02.2024 18:46:10 [main] INFO  by.slesarev.main.Main  - Элемент добавлен в список передач
19.02.2024 18:46:10 [main] INFO  by.slesarev.main.Main  - Создана программа передач
19.02.2024 18:46:10 [main] INFO  by.slesarev.main.Main  - Элемент добавлен в список передач
19.02.2024 18:46:10 [main] INFO  by.slesarev.main.Main  - Элемент добавлен в список передач
19.02.2024 18:46:10 [main] INFO  by.slesarev.main.Main  - Элемент добавлен в список передач
19.02.2024 18:46:35 [main] INFO  by.slesarev.main.Main  - Starting program_____________________________
19.02.2024 18:46:35 [main] INFO  by.slesarev.main.Main  - Создана программа передач
19.02.2024 18:46:35 [main] INFO  by.slesarev.main.Main  - Элемент добавлен в список передач
19.02.2024 18:46:35 [main] INFO  by.slesarev.main.Main  - Элемент добавлен в список передач
19.02.2024 18:46:35 [main] INFO  by.slesarev.main.Main  - Элемент добавлен в список передач
19.02.2024 18:46:35 [main] INFO  by.slesarev.main.Main  - Создана программа передач
19.02.2024 18:46:35 [main] INFO  by.slesarev.main.Main  - Элемент добавлен в список передач
19.02.2024 18:46:35 [main] INFO  by.slesarev.main.Main  - Элемент добавлен в список передач
19.02.2024 18:46:35 [main] INFO  by.slesarev.main.Main  - Элемент добавлен в список передач
19.02.2024 18:46:35 [main] INFO  by.slesarev.main.Main  - Элемент добавлен в список передач
19.02.2024 18:46:35 [main] INFO  by.slesarev.main.Main  - Элемент добавлен в список передач
19.02.2024 18:46:35 [main] INFO  by.slesarev.main.Main  - Удален элемент из списка передач
19.02.2024 18:47:40 [main] INFO  by.slesarev.main.Main  - Starting program_____________________________
19.02.2024 18:47:40 [main] INFO  by.slesarev.main.Main  - Создана программа передач
19.02.2024 18:47:40 [main] INFO  by.slesarev.main.Main  - Элемент добавлен в список передач
19.02.2024 18:47:40 [main] INFO  by.slesarev.main.Main  - Элемент добавлен в список передач
19.02.2024 18:47:40 [main] INFO  by.slesarev.main.Main  - Элемент добавлен в список передач
19.02.2024 18:47:40 [main] INFO  by.slesarev.main.Main  - Создана программа передач
19.02.2024 18:47:40 [main] INFO  by.slesarev.main.Main  - Элемент добавлен в список передач
19.02.2024 18:47:40 [main] INFO  by.slesarev.main.Main  - Элемент добавлен в список передач
19.02.2024 18:47:40 [main] INFO  by.slesarev.main.Main  - Элемент добавлен в список передач
19.02.2024 18:47:40 [main] INFO  by.slesarev.main.Main  - Элемент добавлен в список передач
19.02.2024 18:47:40 [main] INFO  by.slesarev.main.Main  - Элемент добавлен в список передач
19.02.2024 18:47:40 [main] INFO  by.slesarev.main.Main  - Удален элемент из списка передач
19.02.2024 18:47:58 [main] INFO  by.slesarev.main.Main  - Starting program_____________________________
19.02.2024 18:47:58 [main] INFO  by.slesarev.main.Main  - Создана программа передач
19.02.2024 18:47:58 [main] INFO  by.slesarev.main.Main  - Элемент добавлен в список передач
19.02.2024 18:47:58 [main] INFO  by.slesarev.main.Main  - Элемент добавлен в список передач
19.02.2024 18:47:58 [main] INFO  by.slesarev.main.Main  - Элемент добавлен в список передач
19.02.2024 18:47:58 [main] INFO  by.slesarev.main.Main  - Элемент добавлен в список передач
19.02.2024 18:47:58 [main] INFO  by.slesarev.main.Main  - Удален элемент из списка передач
19.02.2024 18:47:58 [main] INFO  by.slesarev.main.Main  - Создана программа передач
19.02.2024 18:47:58 [main] INFO  by.slesarev.main.Main  - Элемент добавлен в список передач
19.02.2024 18:47:58 [main] INFO  by.slesarev.main.Main  - Элемент добавлен в список передач
19.02.2024 18:47:58 [main] INFO  by.slesarev.main.Main  - Элемент добавлен в список передач
19.02.2024 18:47:58 [main] INFO  by.slesarev.main.Main  - Элемент добавлен в список передач
19.02.2024 18:47:58 [main] INFO  by.slesarev.main.Main  - Элемент добавлен в список передач
19.02.2024 18:47:58 [main] INFO  by.slesarev.main.Main  - Удален элемент из списка передач
19.02.2024 18:48:40 [main] INFO  by.slesarev.main.Main  - Starting program_____________________________
19.02.2024 18:48:40 [main] INFO  by.slesarev.main.Main  - Создана программа передач
19.02.2024 18:48:40 [main] INFO  by.slesarev.main.Main  - Элемент добавлен в список передач
19.02.2024 18:48:40 [main] INFO  by.slesarev.main.Main  - Элемент добавлен в список передач
19.02.2024 18:48:40 [main] INFO  by.slesarev.main.Main  - Элемент добавлен в список передач
19.02.2024 18:48:40 [main] INFO  by.slesarev.main.Main  - Элемент добавлен в список передач
19.02.2024 18:48:40 [main] INFO  by.slesarev.main.Main  - Удален элемент из списка передач
19.02.2024 18:48:40 [main] INFO  by.slesarev.main.Main  - Создана программа передач
19.02.2024 18:48:40 [main] INFO  by.slesarev.main.Main  - Элемент добавлен в список передач
19.02.2024 18:48:40 [main] INFO  by.slesarev.main.Main  - Элемент добавлен в список передач
19.02.2024 18:48:40 [main] INFO  by.slesarev.main.Main  - Элемент добавлен в список передач
19.02.2024 18:48:40 [main] INFO  by.slesarev.main.Main  - Элемент добавлен в список передач
19.02.2024 18:48:40 [main] INFO  by.slesarev.main.Main  - Элемент добавлен в список передач
19.02.2024 18:48:40 [main] INFO  by.slesarev.main.Main  - Удален элемент из списка передач
19.02.2024 18:49:05 [main] INFO  by.slesarev.main.Main  - Starting program_____________________________
19.02.2024 18:49:05 [main] INFO  by.slesarev.main.Main  - Создана программа передач
19.02.2024 18:49:05 [main] INFO  by.slesarev.main.Main  - Элемент добавлен в список передач
19.02.2024 18:49:05 [main] INFO  by.slesarev.main.Main  - Элемент добавлен в список передач
19.02.2024 18:49:05 [main] INFO  by.slesarev.main.Main  - Элемент добавлен в список передач
19.02.2024 18:49:05 [main] INFO  by.slesarev.main.Main  - Элемент добавлен в список передач
19.02.2024 18:49:05 [main] INFO  by.slesarev.main.Main  - Удален элемент из списка передач
19.02.2024 18:49:05 [main] INFO  by.slesarev.main.Main  - Создана программа передач
19.02.2024 18:49:05 [main] INFO  by.slesarev.main.Main  - Элемент добавлен в список передач
19.02.2024 18:49:05 [main] INFO  by.slesarev.main.Main  - Элемент добавлен в список передач
19.02.2024 18:49:05 [main] INFO  by.slesarev.main.Main  - Элемент добавлен в список передач
19.02.2024 18:49:05 [main] INFO  by.slesarev.main.Main  - Элемент добавлен в список передач
19.02.2024 18:49:05 [main] INFO  by.slesarev.main.Main  - Элемент добавлен в список передач
19.02.2024 18:49:05 [main] INFO  by.slesarev.main.Main  - Удален элемент из списка передач
19.02.2024 18:49:37 [main] INFO  by.slesarev.main.Main  - Starting program_____________________________
19.02.2024 18:49:37 [main] INFO  by.slesarev.main.Main  - Создана программа передач
19.02.2024 18:49:37 [main] INFO  by.slesarev.main.Main  - Элемент добавлен в список передач
19.02.2024 18:49:37 [main] INFO  by.slesarev.main.Main  - Элемент добавлен в список передач
19.02.2024 18:49:37 [main] INFO  by.slesarev.main.Main  - Элемент добавлен в список передач
19.02.2024 18:49:37 [main] INFO  by.slesarev.main.Main  - Элемент добавлен в список передач
19.02.2024 18:49:37 [main] INFO  by.slesarev.main.Main  - Удален элемент из списка передач
19.02.2024 18:49:37 [main] INFO  by.slesarev.main.Main  - Создана программа передач
19.02.2024 18:49:37 [main] INFO  by.slesarev.main.Main  - Элемент добавлен в список передач
19.02.2024 18:49:37 [main] INFO  by.slesarev.main.Main  - Элемент добавлен в список передач
19.02.2024 18:49:37 [main] INFO  by.slesarev.main.Main  - Элемент добавлен в список передач
19.02.2024 18:49:37 [main] INFO  by.slesarev.main.Main  - Элемент добавлен в список передач
19.02.2024 18:49:37 [main] INFO  by.slesarev.main.Main  - Элемент добавлен в список передач
19.02.2024 18:49:37 [main] INFO  by.slesarev.main.Main  - Удален элемент из списка передач
19.02.2024 18:50:37 [main] INFO  by.slesarev.main.Main  - Starting program_____________________________
19.02.2024 18:50:37 [main] INFO  by.slesarev.main.Main  - Создана программа передач
19.02.2024 18:50:37 [main] INFO  by.slesarev.main.Main  - Элемент добавлен в список передач
19.02.2024 18:50:37 [main] INFO  by.slesarev.main.Main  - Элемент добавлен в список передач
19.02.2024 18:50:37 [main] INFO  by.slesarev.main.Main  - Элемент добавлен в список передач
19.02.2024 18:50:37 [main] INFO  by.slesarev.main.Main  - Элемент добавлен в список передач
19.02.2024 18:50:37 [main] INFO  by.slesarev.main.Main  - Удален элемент из списка передач
19.02.2024 18:50:37 [main] INFO  by.slesarev.main.Main  - Создана программа передач
19.02.2024 18:50:37 [main] INFO  by.slesarev.main.Main  - Элемент добавлен в список передач
19.02.2024 18:50:37 [main] INFO  by.slesarev.main.Main  - Элемент добавлен в список передач
19.02.2024 18:50:37 [main] INFO  by.slesarev.main.Main  - Элемент добавлен в список передач
19.02.2024 18:50:37 [main] INFO  by.slesarev.main.Main  - Элемент добавлен в список передач
19.02.2024 18:50:37 [main] INFO  by.slesarev.main.Main  - Элемент добавлен в список передач
19.02.2024 18:50:37 [main] INFO  by.slesarev.main.Main  - Удален элемент из списка передач
19.02.2024 18:51:10 [main] INFO  by.slesarev.main.Main  - Starting program_____________________________
19.02.2024 18:51:10 [main] INFO  by.slesarev.main.Main  - Создана программа передач
19.02.2024 18:51:10 [main] INFO  by.slesarev.main.Main  - Элемент добавлен в список передач
19.02.2024 18:51:10 [main] INFO  by.slesarev.main.Main  - Элемент добавлен в список передач
19.02.2024 18:51:10 [main] INFO  by.slesarev.main.Main  - Элемент добавлен в список передач
19.02.2024 18:51:10 [main] INFO  by.slesarev.main.Main  - Элемент добавлен в список передач
19.02.2024 18:51:10 [main] INFO  by.slesarev.main.Main  - Создана программа передач
19.02.2024 18:51:10 [main] INFO  by.slesarev.main.Main  - Элемент добавлен в список передач
19.02.2024 18:51:10 [main] INFO  by.slesarev.main.Main  - Элемент добавлен в список передач
19.02.2024 18:51:10 [main] INFO  by.slesarev.main.Main  - Элемент добавлен в список передач
19.02.2024 18:51:10 [main] INFO  by.slesarev.main.Main  - Элемент добавлен в список передач
19.02.2024 18:51:10 [main] INFO  by.slesarev.main.Main  - Элемент добавлен в список передач
19.02.2024 19:01:19 [main] INFO  by.slesarev.main.Main  - Starting program_____________________________
19.02.2024 19:01:19 [main] INFO  by.slesarev.main.Main  - Создана программа передач
19.02.2024 19:01:19 [main] INFO  by.slesarev.main.Main  - Элемент добавлен в список передач
19.02.2024 19:01:19 [main] INFO  by.slesarev.main.Main  - Элемент добавлен в список передач
19.02.2024 19:01:19 [main] INFO  by.slesarev.main.Main  - Элемент добавлен в список передач
19.02.2024 19:01:19 [main] INFO  by.slesarev.main.Main  - Элемент добавлен в список передач
19.02.2024 19:01:19 [main] INFO  by.slesarev.main.Main  - Элемент добавлен в список передач
19.02.2024 19:01:19 [main] INFO  by.slesarev.main.Main  - Сортировка передач по длительности...
19.02.2024 19:01:52 [main] INFO  by.slesarev.main.Main  - Starting program_____________________________
19.02.2024 19:01:52 [main] INFO  by.slesarev.main.Main  - Создана программа передач
19.02.2024 19:01:52 [main] INFO  by.slesarev.main.Main  - Элемент добавлен в список передач
19.02.2024 19:01:52 [main] INFO  by.slesarev.main.Main  - Элемент добавлен в список передач
19.02.2024 19:01:52 [main] INFO  by.slesarev.main.Main  - Элемент добавлен в список передач
19.02.2024 19:01:52 [main] INFO  by.slesarev.main.Main  - Элемент добавлен в список передач
19.02.2024 19:01:52 [main] INFO  by.slesarev.main.Main  - Элемент добавлен в список передач
19.02.2024 19:01:52 [main] INFO  by.slesarev.main.Main  - Сортировка передач по длительности...
19.02.2024 19:04:35 [main] INFO  by.slesarev.main.Main  - Starting program_____________________________
19.02.2024 19:04:35 [main] INFO  by.slesarev.main.Main  - Создана программа передач
19.02.2024 19:04:35 [main] INFO  by.slesarev.main.Main  - Элемент добавлен в список передач
19.02.2024 19:04:35 [main] INFO  by.slesarev.main.Main  - Элемент добавлен в список передач
19.02.2024 19:04:35 [main] INFO  by.slesarev.main.Main  - Элемент добавлен в список передач
19.02.2024 19:04:35 [main] INFO  by.slesarev.main.Main  - Элемент добавлен в список передач
19.02.2024 19:04:35 [main] INFO  by.slesarev.main.Main  - Элемент добавлен в список передач
19.02.2024 19:04:35 [main] INFO  by.slesarev.main.Main  - Сортировка передач по длительности...
19.02.2024 19:04:35 [main] INFO  by.slesarev.main.Main  - Поиск передачи заданного типа...
19.02.2024 19:07:52 [main] INFO  by.slesarev.main.Main  - Starting program_____________________________
19.02.2024 19:07:52 [main] INFO  by.slesarev.main.Main  - Создана программа передач
19.02.2024 19:07:52 [main] INFO  by.slesarev.main.Main  - Элемент добавлен в список передач
19.02.2024 19:07:52 [main] INFO  by.slesarev.main.Main  - Элемент добавлен в список передач
19.02.2024 19:07:52 [main] INFO  by.slesarev.main.Main  - Элемент добавлен в список передач
19.02.2024 19:07:52 [main] INFO  by.slesarev.main.Main  - Элемент добавлен в список передач
19.02.2024 19:07:52 [main] INFO  by.slesarev.main.Main  - Элемент добавлен в список передач
19.02.2024 19:07:52 [main] INFO  by.slesarev.main.Main  - Сортировка передач по длительности...
19.02.2024 19:07:52 [main] INFO  by.slesarev.main.Main  - Поиск передачи заданного типа...
19.02.2024 19:09:35 [main] INFO  by.slesarev.main.Main  - Starting program_____________________________
19.02.2024 19:09:35 [main] INFO  by.slesarev.main.Main  - Создана программа передач
19.02.2024 19:09:35 [main] INFO  by.slesarev.main.Main  - Элемент добавлен в список передач
19.02.2024 19:09:35 [main] INFO  by.slesarev.main.Main  - Элемент добавлен в список передач
19.02.2024 19:09:35 [main] INFO  by.slesarev.main.Main  - Элемент добавлен в список передач
19.02.2024 19:09:35 [main] INFO  by.slesarev.main.Main  - Элемент добавлен в список передач
19.02.2024 19:09:35 [main] INFO  by.slesarev.main.Main  - Элемент добавлен в список передач
19.02.2024 19:09:35 [main] INFO  by.slesarev.main.Main  - Сортировка передач по длительности...
19.02.2024 19:09:35 [main] INFO  by.slesarev.main.Main  - Поиск передачи заданного типа...
19.02.2024 19:09:35 [main] INFO  by.slesarev.main.Main  - Поиск самой длинной передачи...
19.02.2024 19:10:40 [main] INFO  by.slesarev.main.Main  - Starting program_____________________________
19.02.2024 19:10:40 [main] INFO  by.slesarev.main.Main  - Создана программа передач
19.02.2024 19:10:40 [main] INFO  by.slesarev.main.Main  - Элемент добавлен в список передач
19.02.2024 19:10:40 [main] INFO  by.slesarev.main.Main  - Элемент добавлен в список передач
19.02.2024 19:10:40 [main] INFO  by.slesarev.main.Main  - Элемент добавлен в список передач
19.02.2024 19:10:40 [main] INFO  by.slesarev.main.Main  - Элемент добавлен в список передач
19.02.2024 19:10:40 [main] INFO  by.slesarev.main.Main  - Элемент добавлен в список передач
19.02.2024 19:10:41 [main] INFO  by.slesarev.main.Main  - Сортировка передач по длительности...
19.02.2024 19:10:41 [main] INFO  by.slesarev.main.Main  - Поиск передачи заданного типа...
19.02.2024 19:11:28 [main] INFO  by.slesarev.main.Main  - Starting program_____________________________
19.02.2024 19:11:28 [main] INFO  by.slesarev.main.Main  - Создана программа передач
19.02.2024 19:11:28 [main] INFO  by.slesarev.main.Main  - Элемент добавлен в список передач
19.02.2024 19:11:28 [main] INFO  by.slesarev.main.Main  - Элемент добавлен в список передач
19.02.2024 19:11:28 [main] INFO  by.slesarev.main.Main  - Элемент добавлен в список передач
19.02.2024 19:11:28 [main] INFO  by.slesarev.main.Main  - Элемент добавлен в список передач
19.02.2024 19:11:28 [main] INFO  by.slesarev.main.Main  - Элемент добавлен в список передач
19.02.2024 19:11:28 [main] INFO  by.slesarev.main.Main  - Сортировка передач по длительности...
19.02.2024 19:11:28 [main] INFO  by.slesarev.main.Main  - Поиск передачи заданного типа...
19.02.2024 19:11:28 [main] INFO  by.slesarev.main.Main  - Поиск самой длинной передачи...
19.02.2024 19:11:39 [main] INFO  by.slesarev.main.Main  - Starting program_____________________________
19.02.2024 19:11:39 [main] INFO  by.slesarev.main.Main  - Создана программа передач
19.02.2024 19:11:39 [main] INFO  by.slesarev.main.Main  - Элемент добавлен в список передач
19.02.2024 19:11:39 [main] INFO  by.slesarev.main.Main  - Элемент добавлен в список передач
19.02.2024 19:11:39 [main] INFO  by.slesarev.main.Main  - Элемент добавлен в список передач
19.02.2024 19:11:39 [main] INFO  by.slesarev.main.Main  - Элемент добавлен в список передач
19.02.2024 19:11:39 [main] INFO  by.slesarev.main.Main  - Элемент добавлен в список передач
19.02.2024 19:11:39 [main] INFO  by.slesarev.main.Main  - Сортировка передач по длительности...
19.02.2024 19:11:39 [main] INFO  by.slesarev.main.Main  - Поиск передачи заданного типа...
19.02.2024 19:11:39 [main] INFO  by.slesarev.main.Main  - Поиск самой длинной передачи...
19.02.2024 19:59:10 [main] INFO  by.slesarev.main.Main  - Starting program_____________________________
19.02.2024 19:59:10 [main] INFO  by.slesarev.main.Main  - Создана программа передач
19.02.2024 19:59:10 [main] INFO  by.slesarev.main.Main  - Элемент добавлен в список передач
19.02.2024 19:59:10 [main] INFO  by.slesarev.main.Main  - Элемент добавлен в список передач
19.02.2024 19:59:10 [main] INFO  by.slesarev.main.Main  - Элемент добавлен в список передач
19.02.2024 19:59:10 [main] INFO  by.slesarev.main.Main  - Элемент добавлен в список передач
19.02.2024 19:59:10 [main] INFO  by.slesarev.main.Main  - Элемент добавлен в список передач
19.02.2024 19:59:10 [main] INFO  by.slesarev.main.Main  - Сортировка передач по длительности...
19.02.2024 19:59:10 [main] INFO  by.slesarev.main.Main  - Поиск передачи заданного типа...
19.02.2024 19:59:10 [main] INFO  by.slesarev.main.Main  - Поиск самой длинной передачи...
